#
# A fatal error has been detected by the Java Runtime Environment:
#
#  EXCEPTION_ACCESS_VIOLATION (0xc0000005) at pc=0x00007ff9305f201b, pid=6804, tid=0x0000000000003d00
#
# JRE version: Java(TM) SE Runtime Environment (8.0_201-b09) (build 1.8.0_201-b09)
# Java VM: Java HotSpot(TM) 64-Bit Server VM (25.201-b09 mixed mode windows-amd64 compressed oops)
# Problematic frame:
# C  [ntdll.dll+0x1201b]
#
# Failed to write core dump. Minidumps are not enabled by default on client versions of Windows
#
# If you would like to submit a bug report, please visit:
#   http://bugreport.java.com/bugreport/crash.jsp
# The crash happened outside the Java Virtual Machine in native code.
# See problematic frame for where to report the bug.
#

---------------  T H R E A D  ---------------

Current thread (0x0000000003135000):  JavaThread "main" [_thread_in_native, id=15616, stack(0x0000000003030000,0x0000000003130000)]

siginfo: ExceptionCode=0xc0000005, reading address 0x0000000000000024

Registers:
RAX=0x0000000000000000, RBX=0x0000000001070000, RCX=0x0000000091b63df5, RDX=0x00000000010dd200
RSP=0x000000000312e430, RBP=0x0000000000000000, RSI=0x0000000000000000, RDI=0x00000000010dd210
R8 =0x00000000010dd210, R9 =0x000000000312e460, R10=0x00000000000000c0, R11=0x000000000312e4e0
R12=0x0000000000000110, R13=0x00000000010dff70, R14=0x0000000000000000, R15=0x0000000000000000
RIP=0x00007ff9305f201b, EFLAGS=0x0000000000010206

Top of Stack: (sp=0x000000000312e430)
0x000000000312e430:   0000000001070000 00000000010dd210
0x000000000312e440:   0000000000000002 0000000000000080
0x000000000312e450:   0000000000000101 0000000000000000
0x000000000312e460:   0000000000000000 0000000000000000
0x000000000312e470:   00000000010dd210 00007ff8e8117866
0x000000000312e480:   0000000001070000 0000000000000001
0x000000000312e490:   0000000001070000 0000000000000000
0x000000000312e4a0:   0000000000000018 0000000000000000
0x000000000312e4b0:   0000000003135000 0000000000000108
0x000000000312e4c0:   00000000010dff70 0000000000000110
0x000000000312e4d0:   0000000000000000 00007ff8f417075c
0x000000000312e4e0:   00000000010dd210 0000000000000108
0x000000000312e4f0:   000000000312e5b0 000000000312e680
0x000000000312e500:   00000000010dd210 00007ff8f4191c78
0x000000000312e510:   00000000010dd210 0000000000000301
0x000000000312e520:   00000000010dd210 00007ff8f41eb110 

Instructions: (pc=0x00007ff9305f201b)
0x00007ff9305f1ffb:   0d e8 44 15 00 33 cb 33 4a 08 66 85 c9 0f 85 07
0x00007ff9305f200b:   ac 09 00 48 c1 e9 0c 48 8b c2 48 2b c1 48 8b 00
0x00007ff9305f201b:   44 0f b7 48 24 0f b6 4a 0f 80 f9 05 0f 84 fa ab
0x00007ff9305f202b:   09 00 f6 c1 40 0f 85 05 ac 09 00 0f b6 c1 24 3f 


Register to memory mapping:

RAX=0x0000000000000000 is an unknown value
RBX=0x0000000001070000 is an unknown value
RCX=0x0000000091b63df5 is an unallocated location in the heap
RDX=0x00000000010dd200 is an unknown value
RSP=0x000000000312e430 is pointing into the stack for thread: 0x0000000003135000
RBP=0x0000000000000000 is an unknown value
RSI=0x0000000000000000 is an unknown value
RDI=0x00000000010dd210 is an unknown value
R8 =0x00000000010dd210 is an unknown value
R9 =0x000000000312e460 is pointing into the stack for thread: 0x0000000003135000
R10=0x00000000000000c0 is an unknown value
R11=0x000000000312e4e0 is pointing into the stack for thread: 0x0000000003135000
R12=0x0000000000000110 is an unknown value
R13=0x00000000010dff70 is an unknown value
R14=0x0000000000000000 is an unknown value
R15=0x0000000000000000 is an unknown value


Stack: [0x0000000003030000,0x0000000003130000],  sp=0x000000000312e430,  free space=1017k
Native frames: (J=compiled Java code, j=interpreted, Vv=VM code, C=native code)

Java frames: (J=compiled Java code, j=interpreted, Vv=VM code)
j  org.gnu.glpk.GLPKJNI.glp_write_lp(JLorg/gnu/glpk/glp_prob;JLorg/gnu/glpk/glp_cpxcp;Ljava/lang/String;)I+0
j  org.gnu.glpk.GLPK.glp_write_lp(Lorg/gnu/glpk/glp_prob;Lorg/gnu/glpk/glp_cpxcp;Ljava/lang/String;)I+11
j  CoverSet.SetCoverLP([I[Ljava/util/Set;)Ljava/util/List;+280
j  CoverSet.Test()V+299
j  CoverSet.main([Ljava/lang/String;)V+9
v  ~StubRoutines::call_stub

---------------  P R O C E S S  ---------------

Java Threads: ( => current thread )
  0x0000000019258800 JavaThread "Service Thread" daemon [_thread_blocked, id=10056, stack(0x0000000019a60000,0x0000000019b60000)]
  0x00000000191e7800 JavaThread "C1 CompilerThread2" daemon [_thread_blocked, id=13680, stack(0x0000000019960000,0x0000000019a60000)]
  0x0000000017dfd800 JavaThread "C2 CompilerThread1" daemon [_thread_blocked, id=15732, stack(0x0000000019860000,0x0000000019960000)]
  0x00000000191da800 JavaThread "C2 CompilerThread0" daemon [_thread_blocked, id=6808, stack(0x0000000019760000,0x0000000019860000)]
  0x0000000017dfc800 JavaThread "Attach Listener" daemon [_thread_blocked, id=11280, stack(0x0000000019660000,0x0000000019760000)]
  0x0000000017dfb800 JavaThread "Signal Dispatcher" daemon [_thread_blocked, id=2220, stack(0x0000000019560000,0x0000000019660000)]
  0x0000000017dc8000 JavaThread "Finalizer" daemon [_thread_blocked, id=5200, stack(0x0000000019000000,0x0000000019100000)]
  0x0000000017d96800 JavaThread "Reference Handler" daemon [_thread_blocked, id=11540, stack(0x0000000018f00000,0x0000000019000000)]
=>0x0000000003135000 JavaThread "main" [_thread_in_native, id=15616, stack(0x0000000003030000,0x0000000003130000)]

Other Threads:
  0x0000000017d85800 VMThread [stack: 0x0000000018e00000,0x0000000018f00000] [id=9092]
  0x0000000019271000 WatcherThread [stack: 0x0000000019b60000,0x0000000019c60000] [id=11032]

VM state:not at safepoint (normal execution)

VM Mutex/Monitor currently owned by a thread: None

heap address: 0x0000000081400000, size: 2028 MB, Compressed Oops mode: 32-bit
Narrow klass base: 0x0000000000000000, Narrow klass shift: 3
Compressed class space size: 1073741824 Address: 0x0000000100000000

Heap:
 PSYoungGen      total 38400K, used 1996K [0x00000000d5c00000, 0x00000000d8680000, 0x0000000100000000)
  eden space 33280K, 6% used [0x00000000d5c00000,0x00000000d5df3390,0x00000000d7c80000)
  from space 5120K, 0% used [0x00000000d8180000,0x00000000d8180000,0x00000000d8680000)
  to   space 5120K, 0% used [0x00000000d7c80000,0x00000000d7c80000,0x00000000d8180000)
 ParOldGen       total 87552K, used 0K [0x0000000081400000, 0x0000000086980000, 0x00000000d5c00000)
  object space 87552K, 0% used [0x0000000081400000,0x0000000081400000,0x0000000086980000)
 Metaspace       used 2985K, capacity 4754K, committed 5120K, reserved 1056768K
  class space    used 310K, capacity 390K, committed 512K, reserved 1048576K

Card table byte_map: [0x00000000125f0000,0x00000000129f0000] byte_map_base: 0x00000000121e6000

Marking Bits: (ParMarkBitMap*) 0x0000000075c44ce0
 Begin Bits: [0x00000000130a0000, 0x0000000015050000)
 End Bits:   [0x0000000015050000, 0x0000000017000000)

Polling page: 0x0000000001060000

CodeCache: size=245760Kb used=1208Kb max_used=1208Kb free=244551Kb
 bounds [0x0000000003230000, 0x00000000034a0000, 0x0000000012230000]
 total_blobs=373 nmethods=75 adapters=211
 compilation: enabled

Compilation events (10 events):
Event: 0.183 Thread 0x00000000191e7800 nmethod 69 0x000000000335b3d0 code [0x000000000335b5a0, 0x000000000335bf48]
Event: 0.183 Thread 0x00000000191e7800   72       3       java.util.HashSet::contains (9 bytes)
Event: 0.183 Thread 0x00000000191e7800 nmethod 72 0x000000000335c210 code [0x000000000335c3a0, 0x000000000335c898]
Event: 0.183 Thread 0x00000000191e7800   73       3       java.lang.AbstractStringBuilder::<init> (12 bytes)
Event: 0.183 Thread 0x00000000191e7800 nmethod 73 0x000000000335ca50 code [0x000000000335cbc0, 0x000000000335ce10]
Event: 0.183 Thread 0x00000000191e7800   70       3       java.util.HashMap::containsKey (18 bytes)
Event: 0.183 Thread 0x00000000191e7800 nmethod 70 0x000000000335ced0 code [0x000000000335d060, 0x000000000335d458]
Event: 0.183 Thread 0x00000000191e7800   74       3       org.gnu.glpk.SWIGTYPE_p_int::getCPtr (13 bytes)
Event: 0.183 Thread 0x00000000191e7800 nmethod 74 0x000000000335d590 code [0x000000000335d6e0, 0x000000000335d870]
Event: 0.183 Thread 0x00000000191e7800   71       3       java.lang.Integer::valueOf (32 bytes)

GC Heap History (0 events):
No events

Deoptimization events (0 events):
No events

Classes redefined (0 events):
No events

Internal exceptions (2 events):
Event: 0.047 Thread 0x0000000003135000 Exception <a 'java/lang/NoSuchMethodError': Method sun.misc.Unsafe.defineClass(Ljava/lang/String;[BII)Ljava/lang/Class; name or signature does not match> (0x00000000d5c07cb0) thrown at [C:\re\workspace\8-2-build-windows-amd64-cygwin\jdk8u201\12322\hotspot
Event: 0.047 Thread 0x0000000003135000 Exception <a 'java/lang/NoSuchMethodError': Method sun.misc.Unsafe.prefetchRead(Ljava/lang/Object;J)V name or signature does not match> (0x00000000d5c07f98) thrown at [C:\re\workspace\8-2-build-windows-amd64-cygwin\jdk8u201\12322\hotspot\src\share\vm\prim

Events (10 events):
Event: 0.174 loading class java/lang/ClassLoaderHelper
Event: 0.174 loading class java/lang/ClassLoaderHelper done
Event: 0.179 loading class org/gnu/glpk/glp_prob
Event: 0.179 loading class org/gnu/glpk/glp_prob done
Event: 0.181 loading class org/gnu/glpk/SWIGTYPE_p_int
Event: 0.181 loading class org/gnu/glpk/SWIGTYPE_p_int done
Event: 0.182 loading class org/gnu/glpk/SWIGTYPE_p_double
Event: 0.182 loading class org/gnu/glpk/SWIGTYPE_p_double done
Event: 0.183 loading class org/gnu/glpk/glp_cpxcp
Event: 0.183 loading class org/gnu/glpk/glp_cpxcp done


Dynamic libraries:
0x00007ff692da0000 - 0x00007ff692dd7000 	C:\Develop\Java\jre1.8.0_201\bin\javaw.exe
0x00007ff9305e0000 - 0x00007ff9307cd000 	C:\Windows\SYSTEM32\ntdll.dll
0x00007ff930480000 - 0x00007ff930533000 	C:\Windows\System32\KERNEL32.DLL
0x00007ff92cae0000 - 0x00007ff92cd73000 	C:\Windows\System32\KERNELBASE.dll
0x00007ff92a8a0000 - 0x00007ff92a92c000 	C:\Windows\SYSTEM32\apphelp.dll
0x00007ff8e8110000 - 0x00007ff8e85a1000 	C:\Windows\SYSTEM32\AcLayers.DLL
0x00007ff92fb70000 - 0x00007ff92fc0e000 	C:\Windows\System32\msvcrt.dll
0x00007ff92f1e0000 - 0x00007ff92f377000 	C:\Windows\System32\USER32.dll
0x00007ff92cd80000 - 0x00007ff92cda0000 	C:\Windows\System32\win32u.dll
0x00007ff92f1a0000 - 0x00007ff92f1c9000 	C:\Windows\System32\GDI32.dll
0x00007ff92cea0000 - 0x00007ff92d03a000 	C:\Windows\System32\gdi32full.dll
0x00007ff92cda0000 - 0x00007ff92ce40000 	C:\Windows\System32\msvcp_win.dll
0x00007ff92c910000 - 0x00007ff92ca0a000 	C:\Windows\System32\ucrtbase.dll
0x00007ff92fb10000 - 0x00007ff92fb62000 	C:\Windows\System32\SHLWAPI.dll
0x00007ff92ee70000 - 0x00007ff92f19c000 	C:\Windows\System32\combase.dll
0x00007ff92f8b0000 - 0x00007ff92f9d2000 	C:\Windows\System32\RPCRT4.dll
0x00007ff92d040000 - 0x00007ff92d0be000 	C:\Windows\System32\bcryptPrimitives.dll
0x00007ff92f9e0000 - 0x00007ff92fa83000 	C:\Windows\System32\ADVAPI32.dll
0x00007ff92f450000 - 0x00007ff92f4ee000 	C:\Windows\System32\sechost.dll
0x0000000000b80000 - 0x0000000000b83000 	C:\Windows\SYSTEM32\sfc.dll
0x00007ff9267d0000 - 0x00007ff926859000 	C:\Windows\SYSTEM32\WINSPOOL.DRV
0x00007ff92c690000 - 0x00007ff92c6a1000 	C:\Windows\System32\kernel.appcore.dll
0x00007ff92c6b0000 - 0x00007ff92c6d6000 	C:\Windows\System32\bcrypt.dll
0x00007ff928a30000 - 0x00007ff928bd8000 	C:\Windows\SYSTEM32\PROPSYS.dll
0x00007ff92f380000 - 0x00007ff92f444000 	C:\Windows\System32\OLEAUT32.dll
0x00007ff92d870000 - 0x00007ff92d918000 	C:\Windows\System32\shcore.dll
0x00007ff92bbc0000 - 0x00007ff92bbfd000 	C:\Windows\SYSTEM32\IPHLPAPI.DLL
0x00007ff916140000 - 0x00007ff916152000 	C:\Windows\SYSTEM32\sfc_os.DLL
0x00007ff92f6b0000 - 0x00007ff92f6de000 	C:\Windows\System32\IMM32.DLL
0x00007ff921850000 - 0x00007ff921ac9000 	C:\Windows\WinSxS\amd64_microsoft.windows.common-controls_6595b64144ccf1df_6.0.17763.437_none_05b63dca071e5dd6\COMCTL32.dll
0x0000000075340000 - 0x0000000075411000 	C:\Develop\Java\jre1.8.0_201\bin\msvcr100.dll
0x0000000075420000 - 0x0000000075cc4000 	C:\Develop\Java\jre1.8.0_201\bin\server\jvm.dll
0x00007ff92f1d0000 - 0x00007ff92f1d8000 	C:\Windows\System32\PSAPI.DLL
0x00007ff928520000 - 0x00007ff928529000 	C:\Windows\SYSTEM32\WSOCK32.dll
0x00007ff930540000 - 0x00007ff9305ad000 	C:\Windows\System32\WS2_32.dll
0x00007ff9232f0000 - 0x00007ff923314000 	C:\Windows\SYSTEM32\WINMM.dll
0x00007ff9240d0000 - 0x00007ff9240da000 	C:\Windows\SYSTEM32\VERSION.dll
0x00007ff9232c0000 - 0x00007ff9232ed000 	C:\Windows\SYSTEM32\winmmbase.dll
0x00007ff92c8c0000 - 0x00007ff92c90a000 	C:\Windows\System32\cfgmgr32.dll
0x00007ff928510000 - 0x00007ff92851f000 	C:\Develop\Java\jre1.8.0_201\bin\verify.dll
0x00007ff926aa0000 - 0x00007ff926ac9000 	C:\Develop\Java\jre1.8.0_201\bin\java.dll
0x00007ff928480000 - 0x00007ff928496000 	C:\Develop\Java\jre1.8.0_201\bin\zip.dll
0x00007ff92d920000 - 0x00007ff92ee10000 	C:\Windows\System32\SHELL32.dll
0x00007ff92d0c0000 - 0x00007ff92d80a000 	C:\Windows\System32\windows.storage.dll
0x00007ff92c600000 - 0x00007ff92c624000 	C:\Windows\System32\profapi.dll
0x00007ff92c630000 - 0x00007ff92c68d000 	C:\Windows\System32\powrprof.dll
0x00007ff92cac0000 - 0x00007ff92cad7000 	C:\Windows\System32\cryptsp.dll
0x00007ff8f4030000 - 0x00007ff8f4203000 	G:\Downloads\winglpk-4.65\glpk-4.65\w64\glpk_4_65.dll
0x00007ff8fe480000 - 0x00007ff8fe53c000 	G:\Downloads\winglpk-4.65\glpk-4.65\w64\glpk_4_65_java.dll
0x00007ff9260c0000 - 0x00007ff9262ad000 	C:\Windows\SYSTEM32\dbghelp.dll

VM Arguments:
jvm_args: -Dfile.encoding=UTF-8 
java_command: CoverSet
java_class_path (initial): F:\Develop\workspace\AlogrithmLab\bin;F:\Develop\workspace\AlogrithmLab\External\glpk-java.jar;F:\Develop\workspace\AlogrithmLab\External\glpk-java-javadoc.jar;F:\Develop\workspace\AlogrithmLab\External\glpk-java-sources.jar
Launcher Type: SUN_STANDARD

Environment Variables:
JAVA_HOME=C:\Develop\Java\jdk1.8.0_201
PATH=C:/Develop/Java/jre1.8.0_201/bin/server;C:/Develop/Java/jre1.8.0_201/bin;C:/Develop/Java/jre1.8.0_201/lib/amd64;C:\Program Files (x86)\Common Files\Oracle\Java\javapath;C:\Windows\system32;C:\Windows;C:\Windows\System32\Wbem;C:\Windows\System32\WindowsPowerShell\v1.0\;C:\Windows\System32\OpenSSH\;C:\Program Files\dotnet\;C:\texlive\2018\bin\win32;C:\Program Files\Git\cmd;C:\Program Files\Git\mingw64\bin;C:\Program Files\Git\usr\bin;C:\Develop\MinGW\bin;G:\Downloads\winglpk-4.65\glpk-4.65\w64;C:\Develop\Python\Python37\Scripts\;C:\Develop\Python\Python37\;C:\Users\WenWei\AppData\Local\Microsoft\WindowsApps;C:\texlive\2018\bin\win32;C:\Users\WenWei\Desktop;
USERNAME=WenWei
OS=Windows_NT
PROCESSOR_IDENTIFIER=Intel64 Family 6 Model 60 Stepping 3, GenuineIntel



---------------  S Y S T E M  ---------------

OS: Windows 10.0 , 64 bit Build 17763 (10.0.17763.437)

CPU:total 4 (initial active 4) (2 cores per cpu, 2 threads per core) family 6 model 60 stepping 3, cmov, cx8, fxsr, mmx, sse, sse2, sse3, ssse3, sse4.1, sse4.2, popcnt, avx, avx2, aes, clmul, erms, lzcnt, ht, tsc, tscinvbit, bmi1, bmi2

Memory: 4k page, physical 8298776k(3564320k free), swap 19833112k(10538288k free)

vm_info: Java HotSpot(TM) 64-Bit Server VM (25.201-b09) for windows-amd64 JRE (1.8.0_201-b09), built on Dec 15 2018 18:36:39 by "java_re" with MS VC++ 10.0 (VS2010)

time: Mon Apr 22 15:49:32 2019
timezone: 中国标准时间
elapsed time: 0 seconds (0d 0h 0m 0s)

